SF:/Users/ribhibish/Desktop/Internship/Exercises/git-story/Src/C#-airport_ticket_booking_sys/MyApp/Models/ConsoleLogger.cs
FN:4,System.Void ConsoleLogger::Log(System.String)
FNDA:0,System.Void ConsoleLogger::Log(System.String)
DA:5,0
DA:6,0
DA:7,0
LF:3
LH:0
BRF:0
BRH:0
FNF:1
FNH:0
end_of_record
SF:/Users/ribhibish/Desktop/Internship/Exercises/git-story/Src/C#-airport_ticket_booking_sys/MyApp/Models/FileReader.cs
FN:5,System.String[] FileReader::ReadAllLines(System.String)
FNDA:0,System.String[] FileReader::ReadAllLines(System.String)
DA:6,0
DA:7,0
DA:8,0
DA:9,0
DA:12,0
DA:13,0
BRDA:7,12,0,0
BRDA:7,12,1,0
LF:6
LH:0
BRF:2
BRH:0
FNF:1
FNH:0
end_of_record
SF:/Users/ribhibish/Desktop/Internship/Exercises/git-story/Src/C#-airport_ticket_booking_sys/MyApp/Models/FileWriter.cs
FN:5,System.Void FileWriter::WriteToFile(System.String,System.String)
FNDA:0,System.Void FileWriter::WriteToFile(System.String,System.String)
DA:6,0
DA:7,0
DA:8,0
DA:9,0
DA:10,0
DA:11,0
LF:6
LH:0
BRF:0
BRH:0
FNF:1
FNH:0
end_of_record
SF:/Users/ribhibish/Desktop/Internship/Exercises/git-story/Src/C#-airport_ticket_booking_sys/MyApp/Program.cs
FN:11,System.Void C__airport_ticket_booking_sys.Program::Main(System.String[])
FNDA:0,System.Void C__airport_ticket_booking_sys.Program::Main(System.String[])
DA:12,0
DA:13,0
DA:14,0
DA:15,0
DA:17,0
DA:18,0
DA:20,0
DA:21,0
DA:22,0
DA:24,0
DA:25,0
DA:27,0
DA:28,0
DA:29,0
DA:30,0
DA:31,0
DA:32,0
DA:33,0
DA:34,0
DA:35,0
DA:36,0
DA:37,0
DA:38,0
DA:41,0
DA:42,0
DA:44,0
DA:45,0
DA:47,0
DA:48,0
DA:50,0
DA:51,0
DA:54,0
DA:55,0
BRDA:54,282,1,0
BRDA:38,200,0,0
BRDA:38,214,0,0
BRDA:38,200,1,0
BRDA:38,214,1,0
BRDA:38,228,1,0
BRDA:38,228,0,0
BRDA:54,282,0,0
LF:33
LH:0
BRF:8
BRH:0
FNF:1
FNH:0
end_of_record
SF:/Users/ribhibish/Desktop/Internship/Exercises/git-story/Src/C#-airport_ticket_booking_sys/MyApp/Views/ManagerView.cs
FN:22,System.Boolean AirportTrackingSystem.Views.ManagerView::ShowMainScreen()
FNDA:0,System.Boolean AirportTrackingSystem.Views.ManagerView::ShowMainScreen()
DA:23,0
DA:26,0
DA:27,0
DA:28,0
DA:29,0
DA:30,0
DA:31,0
DA:32,0
DA:33,0
DA:34,0
DA:35,0
DA:36,0
DA:39,0
DA:40,0
DA:42,0
DA:43,0
DA:45,0
DA:47,0
DA:48,0
DA:50,0
DA:51,0
DA:52,0
BRDA:50,188,1,0
BRDA:36,107,0,0
BRDA:36,120,0,0
BRDA:36,107,1,0
BRDA:36,120,1,0
BRDA:36,133,1,0
BRDA:36,133,0,0
BRDA:50,188,0,0
FN:53,System.Void AirportTrackingSystem.Views.ManagerView::AddFlights()
FNDA:0,System.Void AirportTrackingSystem.Views.ManagerView::AddFlights()
DA:54,0
DA:55,0
DA:58,0
DA:59,0
DA:60,0
DA:63,0
DA:64,0
DA:65,0
DA:66,0
DA:67,0
DA:68,0
DA:69,0
DA:70,0
DA:73,0
DA:74,0
DA:75,0
DA:78,0
DA:79,0
DA:80,0
DA:81,0
DA:83,0
DA:84,0
BRDA:83,154,1,0
BRDA:66,61,0,0
BRDA:66,61,1,0
BRDA:67,81,0,0
BRDA:67,81,1,0
BRDA:73,110,0,0
BRDA:73,110,1,0
BRDA:79,133,0,0
BRDA:79,133,1,0
BRDA:83,154,0,0
FN:86,System.Void AirportTrackingSystem.Views.ManagerView::ShowBookedFlights()
FNDA:0,System.Void AirportTrackingSystem.Views.ManagerView::ShowBookedFlights()
DA:87,0
DA:88,0
DA:89,0
DA:90,0
DA:92,0
DA:94,0
DA:95,0
DA:96,0
DA:97,0
DA:98,0
DA:101,0
DA:102,0
DA:103,0
DA:104,0
DA:105,0
DA:106,0
DA:107,0
DA:108,0
DA:109,0
DA:110,0
DA:112,0
DA:113,0
DA:114,0
DA:115,0
DA:117,0
DA:118,0
DA:119,0
DA:120,0
BRDA:94,43,0,0
BRDA:94,43,1,0
BRDA:94,59,0,0
BRDA:94,59,1,0
BRDA:102,184,1,0
BRDA:104,115,0,0
BRDA:104,115,1,0
BRDA:104,133,0,0
BRDA:104,133,1,0
BRDA:102,184,0,0
BRDA:112,208,0,0
BRDA:112,208,1,0
FN:122,System.Void AirportTrackingSystem.Views.ManagerView::PrintFlights(System.Collections.Generic.List`1<AirportTrackingSystem.Models.Flight>)
FNDA:0,System.Void AirportTrackingSystem.Views.ManagerView::PrintFlights(System.Collections.Generic.List`1<AirportTrackingSystem.Models.Flight>)
DA:123,0
DA:124,0
DA:125,0
DA:126,0
DA:127,0
DA:128,0
BRDA:124,57,1,0
BRDA:126,27,0,0
BRDA:126,27,1,0
BRDA:124,57,0,0
FN:130,System.Void AirportTrackingSystem.Views.ManagerView::ShowOptions()
FNDA:0,System.Void AirportTrackingSystem.Views.ManagerView::ShowOptions()
DA:131,0
DA:132,0
DA:133,0
DA:134,0
DA:135,0
DA:139,0
DA:140,0
DA:141,0
DA:144,0
DA:145,0
DA:147,0
DA:149,0
DA:150,0
DA:152,0
DA:153,0
BRDA:152,122,1,0
BRDA:141,67,0,0
BRDA:141,67,1,0
BRDA:141,80,0,0
BRDA:141,80,1,0
BRDA:152,122,0,0
FN:155,System.Void AirportTrackingSystem.Views.ManagerView::WaitForUser()
FNDA:0,System.Void AirportTrackingSystem.Views.ManagerView::WaitForUser()
DA:156,0
DA:157,0
DA:158,0
DA:159,0
FN:161,System.Void AirportTrackingSystem.Views.ManagerView::SearchForFlight()
FNDA:0,System.Void AirportTrackingSystem.Views.ManagerView::SearchForFlight()
DA:162,0
DA:163,0
DA:165,0
DA:166,0
DA:168,0
DA:172,0
DA:174,0
DA:175,0
DA:176,0
DA:177,0
DA:178,0
DA:181,0
DA:182,0
DA:183,0
DA:184,0
DA:186,0
DA:187,0
DA:188,0
DA:190,0
DA:192,0
BRDA:174,59,0,0
BRDA:174,59,1,0
BRDA:174,78,0,0
BRDA:174,78,1,0
BRDA:181,109,0,0
BRDA:181,109,1,0
FN:193,AirportTrackingSystem.Models.Flight AirportTrackingSystem.Views.ManagerView::CreateSearchFlight()
FNDA:0,AirportTrackingSystem.Models.Flight AirportTrackingSystem.Views.ManagerView::CreateSearchFlight()
DA:194,0
DA:195,0
DA:196,0
DA:197,0
DA:198,0
DA:199,0
DA:200,0
DA:202,0
DA:203,0
DA:204,0
DA:205,0
DA:206,0
DA:207,0
DA:208,0
DA:209,0
DA:210,0
DA:211,0
FN:213,System.Collections.Generic.List`1<AirportTrackingSystem.Models.Flight> AirportTrackingSystem.Views.ManagerView::GetFilteredFlightsForAllPassengers(AirportTrackingSystem.Models.Flight)
FNDA:0,System.Collections.Generic.List`1<AirportTrackingSystem.Models.Flight> AirportTrackingSystem.Views.ManagerView::GetFilteredFlightsForAllPassengers(AirportTrackingSystem.Models.Flight)
DA:214,0
DA:215,0
DA:216,0
DA:217,0
DA:218,0
DA:221,0
DA:223,0
DA:225,0
DA:226,0
DA:227,0
DA:228,0
DA:229,0
DA:230,0
DA:231,0
DA:233,0
DA:234,0
BRDA:216,19,0,0
BRDA:216,19,1,0
BRDA:223,94,1,0
BRDA:227,73,0,0
BRDA:227,73,1,0
BRDA:223,94,0,0
FN:236,System.Collections.Generic.List`1<AirportTrackingSystem.Models.Flight> AirportTrackingSystem.Views.ManagerView::GetFilteredFlightsForPassenger(AirportTrackingSystem.Models.Passenger,AirportTrackingSystem.Models.Flight)
FNDA:0,System.Collections.Generic.List`1<AirportTrackingSystem.Models.Flight> AirportTrackingSystem.Views.ManagerView::GetFilteredFlightsForPassenger(AirportTrackingSystem.Models.Passenger,AirportTrackingSystem.Models.Flight)
DA:237,0
DA:238,0
DA:240,0
DA:241,0
DA:242,0
DA:243,0
DA:244,0
DA:247,0
DA:248,0
BRDA:240,16,0,0
BRDA:240,16,1,0
BRDA:240,32,0,0
BRDA:240,32,1,0
FN:250,System.Void AirportTrackingSystem.Views.ManagerView::PrintFilteredFlights(System.Collections.Generic.List`1<AirportTrackingSystem.Models.Flight>)
FNDA:0,System.Void AirportTrackingSystem.Views.ManagerView::PrintFilteredFlights(System.Collections.Generic.List`1<AirportTrackingSystem.Models.Flight>)
DA:251,0
DA:252,0
DA:253,0
DA:254,0
DA:255,0
DA:257,0
DA:258,0
DA:259,0
DA:260,0
BRDA:252,2,0,0
BRDA:252,2,1,0
BRDA:252,18,0,0
BRDA:252,18,1,0
FN:261,System.Nullable`1<TEnum> AirportTrackingSystem.Views.ManagerView::GetNullableEnumInput(System.String)
FNDA:0,System.Nullable`1<TEnum> AirportTrackingSystem.Views.ManagerView::GetNullableEnumInput(System.String)
DA:262,0
DA:263,0
DA:264,0
DA:265,0
DA:266,0
DA:267,0
DA:269,0
DA:270,0
BRDA:265,20,0,0
BRDA:265,20,1,0
BRDA:265,35,0,0
BRDA:265,35,1,0
FN:272,System.Nullable`1<System.Int32> AirportTrackingSystem.Views.ManagerView::GetNullableIntInput(System.String)
FNDA:0,System.Nullable`1<System.Int32> AirportTrackingSystem.Views.ManagerView::GetNullableIntInput(System.String)
DA:273,0
DA:274,0
DA:275,0
DA:276,0
DA:277,0
DA:278,0
DA:280,0
DA:281,0
BRDA:276,20,0,0
BRDA:276,20,1,0
BRDA:276,35,0,0
BRDA:276,35,1,0
FN:283,System.Nullable`1<System.DateTime> AirportTrackingSystem.Views.ManagerView::GetNullableDateTimeInput(System.String)
FNDA:0,System.Nullable`1<System.DateTime> AirportTrackingSystem.Views.ManagerView::GetNullableDateTimeInput(System.String)
DA:284,0
DA:285,0
DA:286,0
DA:287,0
DA:288,0
DA:289,0
DA:291,0
DA:292,0
BRDA:287,20,0,0
BRDA:287,20,1,0
BRDA:287,35,0,0
BRDA:287,35,1,0
FN:294,System.String AirportTrackingSystem.Views.ManagerView::GetUserInput(System.String)
FNDA:0,System.String AirportTrackingSystem.Views.ManagerView::GetUserInput(System.String)
DA:295,0
DA:296,0
DA:297,0
DA:298,0
DA:299,0
BRDA:298,20,0,0
BRDA:298,20,1,0
FN:300,System.Void AirportTrackingSystem.Views.ManagerView::InitUI()
FNDA:0,System.Void AirportTrackingSystem.Views.ManagerView::InitUI()
DA:301,0
DA:302,0
DA:303,0
DA:304,0
FN:12,System.Void AirportTrackingSystem.Views.ManagerView::.ctor(AirportTrackingSystem.Controllers.PassengerController,AirportTrackingSystem.Controllers.FlightController)
FNDA:0,System.Void AirportTrackingSystem.Views.ManagerView::.ctor(AirportTrackingSystem.Controllers.PassengerController,AirportTrackingSystem.Controllers.FlightController)
DA:13,0
DA:14,0
DA:15,0
DA:16,0
DA:17,0
DA:19,0
LF:207
LH:0
BRF:74
BRH:0
FNF:17
FNH:0
end_of_record
SF:/Users/ribhibish/Desktop/Internship/Exercises/git-story/Src/C#-airport_ticket_booking_sys/MyApp/Views/PassengerView.cs
FN:17,System.Void AirportTrackingSystem.Views.PassengerView::set_IsLoggedIn(System.Boolean)
FNDA:0,System.Void AirportTrackingSystem.Views.PassengerView::set_IsLoggedIn(System.Boolean)
DA:18,0
FN:18,System.Void AirportTrackingSystem.Views.PassengerView::set_Username(System.String)
FNDA:0,System.Void AirportTrackingSystem.Views.PassengerView::set_Username(System.String)
DA:19,0
FN:21,System.Boolean AirportTrackingSystem.Views.PassengerView::ShowMainScreen()
FNDA:0,System.Boolean AirportTrackingSystem.Views.PassengerView::ShowMainScreen()
DA:22,0
DA:25,0
DA:26,0
DA:27,0
DA:28,0
DA:29,0
DA:30,0
DA:31,0
DA:32,0
DA:33,0
DA:34,0
DA:35,0
DA:38,0
DA:39,0
DA:40,0
DA:42,0
DA:43,0
DA:44,0
DA:46,0
DA:47,0
DA:49,0
DA:50,0
DA:52,0
DA:53,0
DA:54,0
BRDA:52,312,1,0
BRDA:27,15,0,0
BRDA:27,15,1,0
BRDA:30,79,0,0
BRDA:30,79,1,0
BRDA:31,105,0,0
BRDA:31,105,1,0
BRDA:32,131,0,0
BRDA:32,131,1,0
BRDA:35,183,0,0
BRDA:35,196,0,0
BRDA:35,183,1,0
BRDA:38,221,0,0
BRDA:38,221,1,0
BRDA:35,196,1,0
BRDA:42,251,0,0
BRDA:42,251,1,0
BRDA:35,209,1,0
BRDA:35,209,0,0
BRDA:52,312,0,0
FN:55,System.Void AirportTrackingSystem.Views.PassengerView::Register()
FNDA:0,System.Void AirportTrackingSystem.Views.PassengerView::Register()
DA:56,0
DA:57,0
DA:58,0
DA:59,0
DA:60,0
DA:61,0
DA:62,0
DA:64,0
DA:65,0
DA:67,0
DA:68,0
DA:69,0
DA:70,0
DA:71,0
DA:72,0
DA:73,0
DA:74,0
DA:75,0
DA:76,0
DA:77,0
DA:78,0
DA:79,0
DA:80,0
DA:81,0
DA:82,0
BRDA:68,95,0,0
BRDA:68,95,1,0
BRDA:72,120,0,0
BRDA:72,120,1,0
BRDA:76,145,0,0
BRDA:76,145,1,0
FN:83,System.Void AirportTrackingSystem.Views.PassengerView::Login()
FNDA:0,System.Void AirportTrackingSystem.Views.PassengerView::Login()
DA:84,0
DA:85,0
DA:86,0
DA:87,0
DA:88,0
DA:90,0
DA:91,0
DA:93,0
DA:94,0
DA:96,0
DA:97,0
DA:98,0
DA:99,0
DA:100,0
DA:101,0
BRDA:96,89,0,0
BRDA:96,89,1,0
BRDA:97,113,0,0
BRDA:97,113,1,0
BRDA:98,136,0,0
BRDA:98,136,1,0
FN:103,System.Void AirportTrackingSystem.Views.PassengerView::Logout()
FNDA:0,System.Void AirportTrackingSystem.Views.PassengerView::Logout()
DA:104,0
DA:105,0
DA:106,0
DA:107,0
DA:108,0
DA:109,0
BRDA:106,20,0,0
BRDA:106,20,1,0
BRDA:107,44,0,0
BRDA:107,44,1,0
FN:112,System.Void AirportTrackingSystem.Views.PassengerView::ShowAllAvaliableFlights()
FNDA:0,System.Void AirportTrackingSystem.Views.PassengerView::ShowAllAvaliableFlights()
DA:113,0
DA:114,0
DA:115,0
DA:116,0
DA:118,0
DA:120,0
DA:121,0
DA:122,0
DA:123,0
DA:124,0
DA:127,0
DA:128,0
DA:130,0
DA:134,0
BRDA:120,53,0,0
BRDA:120,53,1,0
FN:135,System.Void AirportTrackingSystem.Views.PassengerView::PrintFlightTableHeader()
FNDA:0,System.Void AirportTrackingSystem.Views.PassengerView::PrintFlightTableHeader()
DA:136,0
DA:137,0
DA:138,0
DA:139,0
FN:140,System.Void AirportTrackingSystem.Views.PassengerView::PrintFlightList(System.Collections.Generic.List`1<AirportTrackingSystem.Models.Flight>)
FNDA:0,System.Void AirportTrackingSystem.Views.PassengerView::PrintFlightList(System.Collections.Generic.List`1<AirportTrackingSystem.Models.Flight>)
DA:141,0
DA:142,0
DA:143,0
DA:144,0
DA:145,0
DA:146,0
DA:147,0
DA:148,0
BRDA:143,58,1,0
BRDA:143,58,0,0
FN:149,System.Void AirportTrackingSystem.Views.PassengerView::ShowFlightOptions()
FNDA:0,System.Void AirportTrackingSystem.Views.PassengerView::ShowFlightOptions()
DA:150,0
DA:151,0
DA:152,0
DA:153,0
DA:154,0
DA:155,0
DA:159,0
DA:160,0
DA:161,0
DA:164,0
DA:165,0
DA:167,0
DA:168,0
DA:170,0
DA:172,0
DA:173,0
DA:175,0
DA:176,0
BRDA:175,155,1,0
BRDA:161,78,0,0
BRDA:161,91,0,0
BRDA:161,78,1,0
BRDA:161,91,1,0
BRDA:161,104,0,0
BRDA:161,104,1,0
BRDA:175,155,0,0
FN:177,System.Void AirportTrackingSystem.Views.PassengerView::WaitForUserInput(System.String)
FNDA:0,System.Void AirportTrackingSystem.Views.PassengerView::WaitForUserInput(System.String)
DA:178,0
DA:179,0
DA:180,0
DA:181,0
FN:184,System.Void AirportTrackingSystem.Views.PassengerView::BookFlight()
FNDA:0,System.Void AirportTrackingSystem.Views.PassengerView::BookFlight()
DA:185,0
DA:186,0
DA:189,0
DA:190,0
DA:191,0
DA:192,0
DA:194,0
DA:196,0
DA:197,0
DA:198,0
DA:199,0
DA:200,0
DA:203,0
DA:204,0
BRDA:189,44,1,0
BRDA:189,44,0,0
BRDA:196,65,0,0
BRDA:196,65,1,0
FN:206,System.Void AirportTrackingSystem.Views.PassengerView::HandleUpgradeOrBooking(AirportTrackingSystem.Models.Flight)
FNDA:0,System.Void AirportTrackingSystem.Views.PassengerView::HandleUpgradeOrBooking(AirportTrackingSystem.Models.Flight)
DA:207,0
DA:208,0
DA:209,0
DA:212,0
DA:213,0
DA:215,0
DA:218,0
DA:219,0
DA:221,0
DA:222,0
DA:223,0
DA:224,0
DA:225,0
DA:227,0
DA:228,0
DA:230,0
DA:231,0
BRDA:230,136,1,0
BRDA:215,44,0,0
BRDA:215,44,1,0
BRDA:215,57,1,0
BRDA:222,85,0,0
BRDA:222,85,1,0
BRDA:215,57,0,0
BRDA:230,136,0,0
FN:233,System.String AirportTrackingSystem.Views.PassengerView::GetUserInput()
FNDA:0,System.String AirportTrackingSystem.Views.PassengerView::GetUserInput()
DA:234,0
DA:235,0
DA:236,0
BRDA:235,7,0,0
BRDA:235,7,1,0
BRDA:235,19,0,0
BRDA:235,19,1,0
FN:238,System.Void AirportTrackingSystem.Views.PassengerView::UpgradeFlightClass(AirportTrackingSystem.Models.Flight)
FNDA:0,System.Void AirportTrackingSystem.Views.PassengerView::UpgradeFlightClass(AirportTrackingSystem.Models.Flight)
DA:239,0
DA:240,0
DA:241,0
DA:242,0
DA:243,0
DA:246,0
DA:247,0
DA:248,0
DA:249,0
DA:250,0
DA:252,0
DA:253,0
DA:254,0
DA:255,0
DA:256,0
DA:257,0
DA:258,0
DA:261,0
DA:262,0
DA:263,0
DA:264,0
DA:265,0
DA:266,0
DA:267,0
DA:268,0
DA:269,0
BRDA:255,142,0,0
BRDA:255,142,1,0
BRDA:266,193,0,0
BRDA:266,193,1,0
FN:271,System.Void AirportTrackingSystem.Views.PassengerView::UpgradeToClass(AirportTrackingSystem.Models.Flight,AirportTrackingSystem.Enums.TripClass,System.Int32)
FNDA:0,System.Void AirportTrackingSystem.Views.PassengerView::UpgradeToClass(AirportTrackingSystem.Models.Flight,AirportTrackingSystem.Enums.TripClass,System.Int32)
DA:272,0
DA:273,0
DA:274,0
DA:275,0
BRDA:274,31,0,0
BRDA:274,31,1,0
FN:277,System.String AirportTrackingSystem.Views.PassengerView::GetUserChoice()
FNDA:0,System.String AirportTrackingSystem.Views.PassengerView::GetUserChoice()
DA:278,0
DA:279,0
DA:280,0
BRDA:279,7,0,0
BRDA:279,7,1,0
BRDA:279,19,0,0
BRDA:279,19,1,0
FN:281,System.Void AirportTrackingSystem.Views.PassengerView::SearchForFlight()
FNDA:0,System.Void AirportTrackingSystem.Views.PassengerView::SearchForFlight()
DA:282,0
DA:283,0
DA:285,0
DA:289,0
DA:291,0
DA:293,0
FN:294,AirportTrackingSystem.Models.Flight AirportTrackingSystem.Views.PassengerView::CreateSearchFlight()
FNDA:0,AirportTrackingSystem.Models.Flight AirportTrackingSystem.Views.PassengerView::CreateSearchFlight()
DA:295,0
DA:296,0
DA:297,0
DA:298,0
DA:299,0
DA:300,0
DA:301,0
DA:303,0
DA:304,0
DA:305,0
DA:306,0
DA:307,0
DA:308,0
DA:309,0
DA:310,0
DA:311,0
DA:312,0
FN:316,System.Collections.Generic.List`1<AirportTrackingSystem.Models.Flight> AirportTrackingSystem.Views.PassengerView::GetFilteredFlightsForPassenger(AirportTrackingSystem.Models.Flight)
FNDA:0,System.Collections.Generic.List`1<AirportTrackingSystem.Models.Flight> AirportTrackingSystem.Views.PassengerView::GetFilteredFlightsForPassenger(AirportTrackingSystem.Models.Flight)
DA:317,0
DA:318,0
DA:320,0
DA:321,0
DA:322,0
DA:323,0
DA:326,0
DA:327,0
BRDA:320,16,0,0
BRDA:320,16,1,0
BRDA:320,32,0,0
BRDA:320,32,1,0
FN:329,System.Void AirportTrackingSystem.Views.PassengerView::PrintFilteredFlights(System.Collections.Generic.List`1<AirportTrackingSystem.Models.Flight>)
FNDA:0,System.Void AirportTrackingSystem.Views.PassengerView::PrintFilteredFlights(System.Collections.Generic.List`1<AirportTrackingSystem.Models.Flight>)
DA:330,0
DA:331,0
DA:332,0
DA:333,0
DA:334,0
DA:336,0
DA:337,0
DA:338,0
DA:339,0
BRDA:331,2,0,0
BRDA:331,2,1,0
BRDA:331,18,0,0
BRDA:331,18,1,0
FN:340,System.Nullable`1<TEnum> AirportTrackingSystem.Views.PassengerView::GetNullableEnumInput(System.String)
FNDA:0,System.Nullable`1<TEnum> AirportTrackingSystem.Views.PassengerView::GetNullableEnumInput(System.String)
DA:341,0
DA:342,0
DA:343,0
DA:344,0
DA:345,0
DA:346,0
DA:348,0
DA:349,0
BRDA:344,20,0,0
BRDA:344,20,1,0
BRDA:344,35,0,0
BRDA:344,35,1,0
FN:351,System.Nullable`1<System.Int32> AirportTrackingSystem.Views.PassengerView::GetNullableIntInput(System.String)
FNDA:0,System.Nullable`1<System.Int32> AirportTrackingSystem.Views.PassengerView::GetNullableIntInput(System.String)
DA:352,0
DA:353,0
DA:354,0
DA:355,0
DA:356,0
DA:357,0
DA:359,0
DA:360,0
BRDA:355,20,0,0
BRDA:355,20,1,0
BRDA:355,35,0,0
BRDA:355,35,1,0
FN:362,System.Nullable`1<System.DateTime> AirportTrackingSystem.Views.PassengerView::GetNullableDateTimeInput(System.String)
FNDA:0,System.Nullable`1<System.DateTime> AirportTrackingSystem.Views.PassengerView::GetNullableDateTimeInput(System.String)
DA:363,0
DA:364,0
DA:365,0
DA:366,0
DA:367,0
DA:368,0
DA:370,0
DA:371,0
BRDA:366,20,0,0
BRDA:366,20,1,0
BRDA:366,35,0,0
BRDA:366,35,1,0
FN:373,System.String AirportTrackingSystem.Views.PassengerView::GetUserInput(System.String)
FNDA:0,System.String AirportTrackingSystem.Views.PassengerView::GetUserInput(System.String)
DA:374,0
DA:375,0
DA:376,0
DA:377,0
DA:378,0
BRDA:377,20,0,0
BRDA:377,20,1,0
FN:379,System.Void AirportTrackingSystem.Views.PassengerView::PrintFlights(System.Collections.Generic.List`1<AirportTrackingSystem.Models.Flight>)
FNDA:0,System.Void AirportTrackingSystem.Views.PassengerView::PrintFlights(System.Collections.Generic.List`1<AirportTrackingSystem.Models.Flight>)
DA:380,0
DA:381,0
DA:382,0
DA:383,0
DA:384,0
DA:385,0
BRDA:381,57,1,0
BRDA:383,27,0,0
BRDA:383,27,1,0
BRDA:381,57,0,0
FN:386,System.Void AirportTrackingSystem.Views.PassengerView::WaitForUser(System.String)
FNDA:0,System.Void AirportTrackingSystem.Views.PassengerView::WaitForUser(System.String)
DA:387,0
DA:388,0
DA:389,0
DA:390,0
FN:392,System.Void AirportTrackingSystem.Views.PassengerView::ShowAllBookings()
FNDA:0,System.Void AirportTrackingSystem.Views.PassengerView::ShowAllBookings()
DA:393,0
DA:394,0
DA:395,0
DA:396,0
DA:397,0
DA:399,0
DA:400,0
DA:401,0
DA:403,0
DA:404,0
DA:405,0
DA:406,0
DA:407,0
DA:408,0
DA:409,0
DA:410,0
DA:411,0
DA:412,0
DA:413,0
DA:414,0
DA:415,0
DA:416,0
DA:418,0
DA:419,0
DA:420,0
DA:421,0
BRDA:399,43,0,0
BRDA:399,43,1,0
BRDA:399,59,0,0
BRDA:415,241,0,0
BRDA:415,241,1,0
BRDA:399,59,1,0
FN:422,System.Void AirportTrackingSystem.Views.PassengerView::DisplayFlightList(System.Collections.Generic.List`1<AirportTrackingSystem.Models.Flight>)
FNDA:0,System.Void AirportTrackingSystem.Views.PassengerView::DisplayFlightList(System.Collections.Generic.List`1<AirportTrackingSystem.Models.Flight>)
DA:423,0
DA:424,0
DA:425,0
DA:426,0
DA:427,0
DA:428,0
DA:429,0
DA:430,0
DA:431,0
DA:432,0
BRDA:427,146,1,0
BRDA:427,146,0,0
FN:433,System.String AirportTrackingSystem.Views.PassengerView::GetUserChoiceWithValidation(System.Collections.Generic.Dictionary`2<System.String,System.Action>)
FNDA:0,System.String AirportTrackingSystem.Views.PassengerView::GetUserChoiceWithValidation(System.Collections.Generic.Dictionary`2<System.String,System.Action>)
DA:434,0
DA:435,0
DA:436,0
DA:437,0
DA:438,0
DA:439,0
DA:440,0
DA:443,0
DA:444,0
DA:445,0
DA:446,0
DA:447,0
BRDA:438,20,0,0
BRDA:438,20,1,0
FN:449,System.Void AirportTrackingSystem.Views.PassengerView::Cancel()
FNDA:0,System.Void AirportTrackingSystem.Views.PassengerView::Cancel()
DA:450,0
DA:451,0
DA:452,0
DA:453,0
DA:454,0
DA:455,0
DA:456,0
DA:457,0
DA:459,0
DA:460,0
DA:461,0
DA:462,0
DA:465,0
DA:466,0
DA:467,0
DA:468,0
DA:470,0
DA:471,0
DA:472,0
DA:473,0
DA:474,0
BRDA:454,29,0,0
BRDA:459,63,0,0
BRDA:459,63,1,0
BRDA:454,29,1,0
FN:476,System.Void AirportTrackingSystem.Views.PassengerView::Modify()
FNDA:0,System.Void AirportTrackingSystem.Views.PassengerView::Modify()
DA:477,0
DA:478,0
DA:479,0
DA:481,0
DA:482,0
DA:483,0
DA:485,0
DA:486,0
DA:488,0
DA:489,0
DA:490,0
BRDA:479,16,1,0
BRDA:482,33,0,0
BRDA:482,33,1,0
BRDA:483,58,1,0
BRDA:486,78,1,0
BRDA:479,16,0,0
BRDA:483,58,0,0
BRDA:486,78,0,0
FN:492,System.Int32 AirportTrackingSystem.Views.PassengerView::GetValidFlightNumber()
FNDA:0,System.Int32 AirportTrackingSystem.Views.PassengerView::GetValidFlightNumber()
DA:493,0
DA:494,0
DA:495,0
DA:496,0
DA:497,0
DA:498,0
DA:500,0
DA:501,0
DA:502,0
BRDA:497,29,0,0
BRDA:497,29,1,0
FN:504,System.Int32 AirportTrackingSystem.Views.PassengerView::GetSelectedChoice(AirportTrackingSystem.Models.Flight)
FNDA:0,System.Int32 AirportTrackingSystem.Views.PassengerView::GetSelectedChoice(AirportTrackingSystem.Models.Flight)
DA:505,0
DA:506,0
DA:507,0
DA:509,0
DA:512,0
DA:513,0
DA:514,0
DA:515,0
DA:517,0
DA:518,0
DA:519,0
DA:520,0
DA:522,0
DA:523,0
DA:524,0
DA:525,0
DA:528,0
DA:529,0
DA:530,0
DA:531,0
DA:532,0
DA:533,0
DA:535,0
DA:536,0
DA:537,0
BRDA:509,30,0,0
BRDA:509,41,1,0
BRDA:509,41,2,0
BRDA:509,41,3,0
BRDA:509,30,1,0
BRDA:509,41,0,0
BRDA:532,179,0,0
BRDA:532,179,1,0
FN:539,System.Void AirportTrackingSystem.Views.PassengerView::PerformModification(AirportTrackingSystem.Models.Flight,System.Int32)
FNDA:0,System.Void AirportTrackingSystem.Views.PassengerView::PerformModification(AirportTrackingSystem.Models.Flight,System.Int32)
DA:540,0
DA:541,0
DA:545,0
DA:546,0
DA:549,0
DA:550,0
DA:553,0
DA:554,0
DA:556,0
DA:557,0
DA:559,0
BRDA:541,8,1,0
BRDA:541,8,3,0
BRDA:541,8,2,0
BRDA:541,8,5,0
BRDA:541,8,4,0
BRDA:541,8,6,0
BRDA:541,8,0,0
FN:560,System.Void AirportTrackingSystem.Views.PassengerView::InitUI()
FNDA:0,System.Void AirportTrackingSystem.Views.PassengerView::InitUI()
DA:561,0
DA:562,0
DA:563,0
DA:564,0
FN:11,System.Void AirportTrackingSystem.Views.PassengerView::.ctor(AirportTrackingSystem.Controllers.PassengerController,AirportTrackingSystem.Controllers.FlightController)
FNDA:0,System.Void AirportTrackingSystem.Views.PassengerView::.ctor(AirportTrackingSystem.Controllers.PassengerController,AirportTrackingSystem.Controllers.FlightController)
DA:12,0
DA:13,0
DA:14,0
DA:15,0
DA:17,0
LF:401
LH:0
BRF:139
BRH:0
FNF:37
FNH:0
end_of_record
SF:/Users/ribhibish/Desktop/Internship/Exercises/git-story/Src/C#-airport_ticket_booking_sys/MyApp/Models/Flight.cs
FN:9,System.Nullable`1<System.Int32> AirportTrackingSystem.Models.Flight::get_Price()
FNDA:0,System.Nullable`1<System.Int32> AirportTrackingSystem.Models.Flight::get_Price()
DA:10,0
FN:13,System.String AirportTrackingSystem.Models.Flight::get_DepartureCountry()
FNDA:0,System.String AirportTrackingSystem.Models.Flight::get_DepartureCountry()
DA:14,0
FN:17,System.String AirportTrackingSystem.Models.Flight::get_DepartureAirport()
FNDA:0,System.String AirportTrackingSystem.Models.Flight::get_DepartureAirport()
DA:18,0
FN:21,System.String AirportTrackingSystem.Models.Flight::get_ArrivalAirport()
FNDA:0,System.String AirportTrackingSystem.Models.Flight::get_ArrivalAirport()
DA:22,0
FN:25,System.Nullable`1<System.DateTime> AirportTrackingSystem.Models.Flight::get_DepartureDate()
FNDA:0,System.Nullable`1<System.DateTime> AirportTrackingSystem.Models.Flight::get_DepartureDate()
DA:26,0
FN:28,System.Nullable`1<AirportTrackingSystem.Enums.TripClass> AirportTrackingSystem.Models.Flight::get_TripClass()
FNDA:0,System.Nullable`1<AirportTrackingSystem.Enums.TripClass> AirportTrackingSystem.Models.Flight::get_TripClass()
DA:29,0
FN:30,System.String AirportTrackingSystem.Models.Flight::ToString()
FNDA:0,System.String AirportTrackingSystem.Models.Flight::ToString()
DA:31,0
DA:32,0
DA:33,0
DA:34,0
FN:35,AirportTrackingSystem.Models.Flight AirportTrackingSystem.Models.Flight::DeepCopy()
FNDA:0,AirportTrackingSystem.Models.Flight AirportTrackingSystem.Models.Flight::DeepCopy()
DA:36,0
DA:37,0
DA:38,0
DA:39,0
DA:40,0
DA:41,0
DA:42,0
DA:43,0
DA:44,0
DA:45,0
LF:20
LH:0
BRF:0
BRH:0
FNF:8
FNH:0
end_of_record
SF:/Users/ribhibish/Desktop/Internship/Exercises/git-story/Src/C#-airport_ticket_booking_sys/MyApp/Models/Manager.cs
FN:3,System.String AirportTrackingSystem.Models.Manager::get_UserName()
FNDA:0,System.String AirportTrackingSystem.Models.Manager::get_UserName()
DA:4,0
FN:4,System.String AirportTrackingSystem.Models.Manager::get_Password()
FNDA:0,System.String AirportTrackingSystem.Models.Manager::get_Password()
DA:5,0
FN:6,System.Collections.Generic.List`1<AirportTrackingSystem.Models.Passenger> AirportTrackingSystem.Models.Manager::get_Passengers()
FNDA:0,System.Collections.Generic.List`1<AirportTrackingSystem.Models.Passenger> AirportTrackingSystem.Models.Manager::get_Passengers()
DA:7,0
LF:3
LH:0
BRF:0
BRH:0
FNF:3
FNH:0
end_of_record
SF:/Users/ribhibish/Desktop/Internship/Exercises/git-story/Src/C#-airport_ticket_booking_sys/MyApp/Models/Passenger.cs
FN:7,System.String AirportTrackingSystem.Models.Passenger::get_Name()
FNDA:21,System.String AirportTrackingSystem.Models.Passenger::get_Name()
DA:8,21
FN:11,System.String AirportTrackingSystem.Models.Passenger::get_Password()
FNDA:19,System.String AirportTrackingSystem.Models.Passenger::get_Password()
DA:12,19
FN:12,System.Collections.Generic.List`1<AirportTrackingSystem.Models.Flight> AirportTrackingSystem.Models.Passenger::get_Flights()
FNDA:7,System.Collections.Generic.List`1<AirportTrackingSystem.Models.Flight> AirportTrackingSystem.Models.Passenger::get_Flights()
DA:13,7
LF:3
LH:3
BRF:0
BRH:0
FNF:3
FNH:3
end_of_record
SF:/Users/ribhibish/Desktop/Internship/Exercises/git-story/Src/C#-airport_ticket_booking_sys/MyApp/Controllers/FlightController.cs
FN:13,System.Boolean AirportTrackingSystem.Controllers.FlightController::AddFlightsFromCsvFile(System.String)
FNDA:0,System.Boolean AirportTrackingSystem.Controllers.FlightController::AddFlightsFromCsvFile(System.String)
DA:14,0
DA:16,0
DA:17,0
DA:18,0
DA:19,0
DA:20,0
DA:21,0
DA:22,0
DA:23,0
DA:24,0
DA:26,0
DA:27,0
DA:28,0
DA:29,0
DA:30,0
DA:31,0
DA:32,0
DA:33,0
DA:34,0
DA:35,0
DA:37,0
DA:38,0
DA:39,0
DA:40,0
DA:42,0
BRDA:20,111,1,0
BRDA:24,27,0,0
BRDA:24,27,1,0
BRDA:26,43,0,0
BRDA:26,43,1,0
BRDA:26,61,0,0
BRDA:28,78,0,0
BRDA:28,78,1,0
BRDA:26,61,1,0
BRDA:20,111,0,0
FN:44,System.Boolean AirportTrackingSystem.Controllers.FlightController::TryCreateFlightFromFields(System.String[],AirportTrackingSystem.Models.Flight&,System.Int32)
FNDA:0,System.Boolean AirportTrackingSystem.Controllers.FlightController::TryCreateFlightFromFields(System.String[],AirportTrackingSystem.Models.Flight&,System.Int32)
DA:45,0
DA:46,0
DA:48,0
DA:49,0
DA:50,0
DA:51,0
DA:54,0
DA:55,0
DA:56,0
DA:58,0
DA:59,0
DA:60,0
DA:61,0
DA:64,0
DA:65,0
DA:66,0
DA:67,0
DA:68,0
DA:69,0
DA:70,0
DA:71,0
DA:72,0
DA:74,0
DA:75,0
DA:77,0
DA:78,0
DA:79,0
DA:80,0
DA:81,0
DA:82,0
DA:83,0
DA:84,0
DA:87,0
DA:88,0
BRDA:48,21,0,0
BRDA:48,21,1,0
BRDA:54,87,0,0
BRDA:54,87,1,0
BRDA:58,125,0,0
BRDA:58,125,1,0
BRDA:77,287,0,0
BRDA:80,404,1,0
BRDA:80,404,0,0
BRDA:77,287,1,0
FN:90,System.Collections.Generic.List`1<AirportTrackingSystem.Models.Flight> AirportTrackingSystem.Controllers.FlightController::ShowAllAvaliableFlights()
FNDA:0,System.Collections.Generic.List`1<AirportTrackingSystem.Models.Flight> AirportTrackingSystem.Controllers.FlightController::ShowAllAvaliableFlights()
DA:91,0
DA:92,0
DA:93,0
FN:94,System.Collections.Generic.List`1<AirportTrackingSystem.Models.Flight> AirportTrackingSystem.Controllers.FlightController::FiltterFlightsByParameters(AirportTrackingSystem.Models.Flight,AirportTrackingSystem.Models.Passenger)
FNDA:0,System.Collections.Generic.List`1<AirportTrackingSystem.Models.Flight> AirportTrackingSystem.Controllers.FlightController::FiltterFlightsByParameters(AirportTrackingSystem.Models.Flight,AirportTrackingSystem.Models.Passenger)
DA:95,0
DA:96,0
DA:97,0
DA:98,0
DA:99,0
DA:100,0
DA:101,0
DA:102,0
DA:103,0
DA:104,0
DA:105,0
DA:106,0
DA:107,0
DA:108,0
BRDA:96,15,0,0
BRDA:96,15,1,0
BRDA:97,33,0,0
BRDA:97,33,1,0
BRDA:99,19,0,0
BRDA:99,19,1,0
BRDA:99,73,0,0
BRDA:99,97,0,0
BRDA:99,132,0,0
BRDA:99,132,1,0
BRDA:99,144,0,0
BRDA:99,144,1,0
BRDA:99,97,1,0
BRDA:99,168,0,0
BRDA:99,184,0,0
BRDA:99,184,1,0
BRDA:99,208,0,0
BRDA:99,224,0,0
BRDA:99,224,1,0
BRDA:99,248,0,0
BRDA:99,261,0,0
BRDA:99,261,1,0
BRDA:99,285,0,0
BRDA:99,307,0,0
BRDA:99,307,1,0
BRDA:99,73,1,0
BRDA:99,168,1,0
BRDA:99,208,1,0
BRDA:99,248,1,0
BRDA:99,285,1,0
FN:110,AirportTrackingSystem.Models.Flight AirportTrackingSystem.Controllers.FlightController::FindFlight(System.Int32)
FNDA:0,AirportTrackingSystem.Models.Flight AirportTrackingSystem.Controllers.FlightController::FindFlight(System.Int32)
DA:111,0
DA:112,0
DA:113,0
FN:115,System.Boolean AirportTrackingSystem.Controllers.FlightController::CancelFlight(System.Collections.Generic.List`1<AirportTrackingSystem.Models.Flight>,System.Int32)
FNDA:0,System.Boolean AirportTrackingSystem.Controllers.FlightController::CancelFlight(System.Collections.Generic.List`1<AirportTrackingSystem.Models.Flight>,System.Int32)
DA:116,0
DA:118,0
DA:119,0
DA:120,0
DA:122,0
DA:123,0
DA:124,0
DA:125,0
DA:128,0
FN:130,System.Void AirportTrackingSystem.Controllers.FlightController::ChangeClass(AirportTrackingSystem.Models.Flight,AirportTrackingSystem.Enums.TripClass)
FNDA:0,System.Void AirportTrackingSystem.Controllers.FlightController::ChangeClass(AirportTrackingSystem.Models.Flight,AirportTrackingSystem.Enums.TripClass)
DA:131,0
DA:132,0
DA:133,0
DA:134,0
DA:135,0
DA:136,0
DA:137,0
DA:138,0
BRDA:132,4,0,0
BRDA:132,4,1,0
BRDA:132,31,0,0
BRDA:132,31,1,0
BRDA:133,68,0,0
BRDA:136,103,0,0
BRDA:136,103,1,0
BRDA:136,149,0,0
BRDA:136,149,1,0
BRDA:133,68,1,0
FN:11,System.Void AirportTrackingSystem.Controllers.FlightController::.ctor()
FNDA:0,System.Void AirportTrackingSystem.Controllers.FlightController::.ctor()
DA:12,0
LF:97
LH:0
BRF:60
BRH:0
FNF:8
FNH:0
end_of_record
SF:/Users/ribhibish/Desktop/Internship/Exercises/git-story/Src/C#-airport_ticket_booking_sys/MyApp/Controllers/ManagerController.cs
FN:6,System.Void AirportTrackingSystem.Controllers.ManagerController::set_IsLoggedIn(System.Boolean)
FNDA:0,System.Void AirportTrackingSystem.Controllers.ManagerController::set_IsLoggedIn(System.Boolean)
DA:7,0
FN:9,System.Boolean AirportTrackingSystem.Controllers.ManagerController::AddPassenger(System.String,System.String)
FNDA:0,System.Boolean AirportTrackingSystem.Controllers.ManagerController::AddPassenger(System.String,System.String)
DA:10,0
DA:11,0
DA:12,0
DA:13,0
DA:14,0
FN:15,System.Void AirportTrackingSystem.Controllers.ManagerController::BookFlight(AirportTrackingSystem.Models.Passenger,AirportTrackingSystem.Models.Flight)
FNDA:0,System.Void AirportTrackingSystem.Controllers.ManagerController::BookFlight(AirportTrackingSystem.Models.Passenger,AirportTrackingSystem.Models.Flight)
DA:16,0
DA:17,0
DA:19,0
BRDA:17,8,0,0
BRDA:17,8,1,0
FN:5,System.Void AirportTrackingSystem.Controllers.ManagerController::.ctor()
FNDA:0,System.Void AirportTrackingSystem.Controllers.ManagerController::.ctor()
DA:6,0
LF:10
LH:0
BRF:2
BRH:0
FNF:4
FNH:0
end_of_record
SF:/Users/ribhibish/Desktop/Internship/Exercises/git-story/Src/C#-airport_ticket_booking_sys/MyApp/Controllers/PassengersController.cs
FN:25,System.Void AirportTrackingSystem.Controllers.PassengerController::set_IsLoggedIn(System.Boolean)
FNDA:15,System.Void AirportTrackingSystem.Controllers.PassengerController::set_IsLoggedIn(System.Boolean)
DA:26,15
FN:26,System.Void AirportTrackingSystem.Controllers.PassengerController::set_CurrentPassenger(AirportTrackingSystem.Models.Passenger)
FNDA:11,System.Void AirportTrackingSystem.Controllers.PassengerController::set_CurrentPassenger(AirportTrackingSystem.Models.Passenger)
DA:27,11
FN:28,System.Boolean AirportTrackingSystem.Controllers.PassengerController::AddPassengersFromCsvFile(System.String)
FNDA:5,System.Boolean AirportTrackingSystem.Controllers.PassengerController::AddPassengersFromCsvFile(System.String)
DA:29,5
DA:30,5
DA:32,5
DA:33,5
DA:34,27
DA:35,6
DA:36,6
DA:37,6
DA:38,6
DA:39,6
DA:40,6
DA:41,6
DA:42,6
DA:43,6
DA:44,6
DA:45,6
DA:46,5
DA:48,0
DA:49,0
DA:50,0
DA:53,5
BRDA:34,120,1,6
BRDA:37,36,0,0
BRDA:37,36,1,6
BRDA:38,55,0,6
BRDA:38,55,1,0
BRDA:38,74,0,6
BRDA:40,92,0,6
BRDA:40,92,1,6
BRDA:38,74,1,6
BRDA:34,120,0,5
FN:55,System.Boolean AirportTrackingSystem.Controllers.PassengerController::TryCreatePassengerFromFields(System.String[],AirportTrackingSystem.Models.Passenger&,System.Int32)
FNDA:6,System.Boolean AirportTrackingSystem.Controllers.PassengerController::TryCreatePassengerFromFields(System.String[],AirportTrackingSystem.Models.Passenger&,System.Int32)
DA:56,6
DA:57,6
DA:58,6
DA:59,6
DA:60,6
DA:61,6
DA:62,6
DA:63,6
DA:64,6
DA:65,6
DA:66,6
DA:67,0
DA:68,0
DA:69,0
DA:70,0
DA:71,0
DA:73,0
DA:75,6
DA:76,6
BRDA:66,72,0,0
BRDA:69,282,1,0
BRDA:69,282,0,0
BRDA:66,72,1,6
FN:77,System.Void AirportTrackingSystem.Controllers.PassengerController::WritePassengersToCSV(System.String,AirportTrackingSystem.Models.Passenger)
FNDA:2,System.Void AirportTrackingSystem.Controllers.PassengerController::WritePassengersToCSV(System.String,AirportTrackingSystem.Models.Passenger)
DA:78,2
DA:79,2
DA:80,2
FN:82,AirportTrackingSystem.Enums.AccountStatus AirportTrackingSystem.Controllers.PassengerController::AddPassenger(System.String,System.String)
FNDA:2,AirportTrackingSystem.Enums.AccountStatus AirportTrackingSystem.Controllers.PassengerController::AddPassenger(System.String,System.String)
DA:83,2
DA:84,3
DA:85,2
DA:86,1
DA:87,1
DA:88,1
DA:89,1
DA:90,1
DA:91,0
DA:92,0
DA:93,0
DA:94,0
DA:95,0
DA:96,0
DA:99,1
DA:100,1
DA:101,1
DA:103,1
DA:104,2
BRDA:84,37,0,1
BRDA:84,37,1,1
BRDA:85,50,0,1
BRDA:90,128,0,0
BRDA:92,189,1,0
BRDA:94,167,0,0
BRDA:94,167,1,0
BRDA:92,189,0,0
BRDA:90,128,1,1
BRDA:85,50,1,1
FN:105,System.Boolean AirportTrackingSystem.Controllers.PassengerController::Login(System.String,System.String)
FNDA:3,System.Boolean AirportTrackingSystem.Controllers.PassengerController::Login(System.String,System.String)
DA:106,3
DA:107,3
DA:108,6
DA:109,6
DA:110,3
DA:111,3
DA:112,3
DA:113,3
BRDA:110,47,0,1
BRDA:110,47,1,2
BRDA:108,17,0,2
BRDA:108,17,1,1
FN:117,System.Boolean AirportTrackingSystem.Controllers.PassengerController::Logout()
FNDA:1,System.Boolean AirportTrackingSystem.Controllers.PassengerController::Logout()
DA:118,1
DA:119,1
DA:120,1
DA:121,1
DA:122,1
FN:124,AirportTrackingSystem.Enums.FlightState AirportTrackingSystem.Controllers.PassengerController::BookFlight(AirportTrackingSystem.Models.Flight)
FNDA:0,AirportTrackingSystem.Enums.FlightState AirportTrackingSystem.Controllers.PassengerController::BookFlight(AirportTrackingSystem.Models.Flight)
DA:125,0
DA:126,0
DA:127,0
DA:128,0
DA:129,0
DA:130,0
DA:131,0
DA:132,0
DA:133,0
DA:135,0
BRDA:126,21,0,0
BRDA:126,21,1,0
BRDA:126,33,0,0
BRDA:126,33,1,0
BRDA:131,63,0,0
BRDA:132,72,0,0
BRDA:132,72,1,0
BRDA:132,83,0,0
BRDA:132,83,1,0
BRDA:131,63,1,0
BRDA:133,101,0,0
BRDA:133,101,1,0
BRDA:127,33,0,0
BRDA:127,33,1,0
BRDA:127,45,0,0
BRDA:127,45,1,0
BRDA:127,69,0,0
BRDA:127,93,0,0
BRDA:127,117,0,0
BRDA:127,69,1,0
BRDA:127,93,1,0
BRDA:127,117,1,0
FN:136,System.Collections.Generic.List`1<AirportTrackingSystem.Models.Flight> AirportTrackingSystem.Controllers.PassengerController::PassengerBookings()
FNDA:0,System.Collections.Generic.List`1<AirportTrackingSystem.Models.Flight> AirportTrackingSystem.Controllers.PassengerController::PassengerBookings()
DA:137,0
DA:138,0
DA:139,0
BRDA:138,8,0,0
BRDA:138,8,1,0
FN:140,System.Collections.Generic.List`1<AirportTrackingSystem.Models.Passenger> AirportTrackingSystem.Controllers.PassengerController::ReturnPassengers()
FNDA:0,System.Collections.Generic.List`1<AirportTrackingSystem.Models.Passenger> AirportTrackingSystem.Controllers.PassengerController::ReturnPassengers()
DA:141,0
DA:142,0
DA:143,0
FN:145,AirportTrackingSystem.Models.Passenger AirportTrackingSystem.Controllers.PassengerController::ReturnPassengerByName(System.String)
FNDA:0,AirportTrackingSystem.Models.Passenger AirportTrackingSystem.Controllers.PassengerController::ReturnPassengerByName(System.String)
DA:146,0
DA:147,0
DA:148,0
FN:15,System.Void AirportTrackingSystem.Controllers.PassengerController::.ctor(AirportTrackingSystem.Interfaces.IFileReader,AirportTrackingSystem.Interfaces.IFileWriter,AirportTrackingSystem.Interfaces.ILogger)
FNDA:7,System.Void AirportTrackingSystem.Controllers.PassengerController::.ctor(AirportTrackingSystem.Interfaces.IFileReader,AirportTrackingSystem.Interfaces.IFileWriter,AirportTrackingSystem.Interfaces.ILogger)
DA:16,7
DA:17,7
DA:18,7
DA:19,7
DA:20,7
DA:23,7
DA:25,7
BRDA:18,40,0,0
BRDA:18,40,1,7
BRDA:19,62,0,0
BRDA:19,62,1,7
BRDA:20,84,0,0
BRDA:20,84,1,7
LF:103
LH:69
BRF:58
BRH:21
FNF:13
FNH:9
end_of_record